<?xml version="1.0" encoding="UTF-8"?>
<testng-results ignored="0" total="1" passed="1" failed="0" skipped="0">
  <reporter-output>
  </reporter-output>
  <suite started-at="2025-02-10T19:03:48 IST" name="Default suite" finished-at="2025-02-10T19:03:51 IST" duration-ms="3023">
    <groups>
    </groups>
    <test started-at="2025-02-10T19:03:48 IST" name="Default test" finished-at="2025-02-10T19:03:51 IST" duration-ms="3023">
      <class name="com.gears42.mk.SeleniumInterview.BrokenImageUsingJsop">
        <test-method signature="onlyBroken()[pri:0, instance:com.gears42.mk.SeleniumInterview.BrokenImageUsingJsop@68999068]" started-at="2025-02-10T19:03:48 IST" name="onlyBroken" finished-at="2025-02-10T19:03:51 IST" duration-ms="2985" status="PASS">
          <reporter-output>
          </reporter-output>
        </test-method> <!-- onlyBroken -->
      </class> <!-- com.gears42.mk.SeleniumInterview.BrokenImageUsingJsop -->
    </test> <!-- Default test -->
  </suite> <!-- Default suite -->
</testng-results>
